[debug] [2025-07-13T07:18:31.906Z] ----------------------------------------------------------------------
[debug] [2025-07-13T07:18:31.908Z] Command:       /nix/store/rbdrkcs5kkwpalxcd7c6bnm33lk2955n-nodejs-20.19.0/bin/node /nix/store/fprgfkwna33crhc86jqbf5878piivvgw-firebase-tools-14.7.0/lib/node_modules/firebase-tools/lib/bin/firebase.js init
[debug] [2025-07-13T07:18:31.909Z] CLI Version:   14.7.0
[debug] [2025-07-13T07:18:31.909Z] Platform:      linux
[debug] [2025-07-13T07:18:31.909Z] Node Version:  v20.19.0
[debug] [2025-07-13T07:18:31.909Z] Time:          Sun Jul 13 2025 07:18:31 GMT+0000 (Coordinated Universal Time)
[debug] [2025-07-13T07:18:31.909Z] ----------------------------------------------------------------------
[debug] 
[debug] [2025-07-13T07:18:32.101Z] > command requires scopes: ["email","openid","https://www.googleapis.com/auth/cloudplatformprojects.readonly","https://www.googleapis.com/auth/firebase","https://www.googleapis.com/auth/cloud-platform"]
[debug] [2025-07-13T07:18:32.102Z] > authorizing via signed-in user (sjroyalevents@gmail.com)
[info] 
     ######## #### ########  ######## ########     ###     ######  ########
     ##        ##  ##     ## ##       ##     ##  ##   ##  ##       ##
     ######    ##  ########  ######   ########  #########  ######  ######
     ##        ##  ##    ##  ##       ##     ## ##     ##       ## ##
     ##       #### ##     ## ######## ########  ##     ##  ######  ########

You're about to initialize a Firebase project in this directory:

  /home/user/srj-events

Before we get started, keep in mind:

  * You are initializing within an existing Firebase project directory

[info] 
=== Project Setup
[info] 
[info] First, let's associate this project directory with a Firebase project.
[info] You can create multiple project aliases by running firebase use --add, 
[info] but for now we'll just set up a default project.
[info] 
[debug] [2025-07-13T07:18:38.714Z] Using project from CLI flag: sj-royal-events
[debug] [2025-07-13T07:18:38.714Z] Checked if tokens are valid: true, expires at: 1752393835242
[debug] [2025-07-13T07:18:38.715Z] Checked if tokens are valid: true, expires at: 1752393835242
[debug] [2025-07-13T07:18:38.716Z] >>> [apiv2][query] GET https://firebase.googleapis.com/v1beta1/projects/sj-royal-events [none]
[debug] [2025-07-13T07:18:38.968Z] <<< [apiv2][status] GET https://firebase.googleapis.com/v1beta1/projects/sj-royal-events 200
[debug] [2025-07-13T07:18:38.968Z] <<< [apiv2][body] GET https://firebase.googleapis.com/v1beta1/projects/sj-royal-events {"projectId":"sj-royal-events","projectNumber":"622831291790","displayName":"sj-royal-events","name":"projects/sj-royal-events","resources":{"hostingSite":"sj-royal-events"},"state":"ACTIVE","etag":"1_04519eb7-313d-4616-a4e2-0eb702b6eca1"}
[info] i  Using project sj-royal-events (sj-royal-events) 
[info] 
=== Hosting Setup
[debug] [2025-07-13T07:18:38.974Z] Checked if tokens are valid: true, expires at: 1752393835242
[debug] [2025-07-13T07:18:38.974Z] Checked if tokens are valid: true, expires at: 1752393835242
[debug] [2025-07-13T07:18:38.974Z] >>> [apiv2][query] GET https://firebase.googleapis.com/v1beta1/projects/sj-royal-events [none]
[debug] [2025-07-13T07:18:39.195Z] <<< [apiv2][status] GET https://firebase.googleapis.com/v1beta1/projects/sj-royal-events 200
[debug] [2025-07-13T07:18:39.196Z] <<< [apiv2][body] GET https://firebase.googleapis.com/v1beta1/projects/sj-royal-events {"projectId":"sj-royal-events","projectNumber":"622831291790","displayName":"sj-royal-events","name":"projects/sj-royal-events","resources":{"hostingSite":"sj-royal-events"},"state":"ACTIVE","etag":"1_04519eb7-313d-4616-a4e2-0eb702b6eca1"}
[info] 
[info] i  Detected a .git folder at /home/user/srj-events 
[info] i  Authorizing with GitHub to upload your service account to a GitHub repository's secrets store. 
[info] 
[info] Visit this URL on this device to log in:
[info] https://github.com/login/oauth/authorize?client_id=89cf50f02ac6aaed3484&state=533872715&redirect_uri=http%3A%2F%2Flocalhost%3A9005&scope=read%3Auser%20repo%20public_repo
[info] 
[info] Waiting for authentication...
[debug] [2025-07-13T07:20:43.191Z] ----------------------------------------------------------------------
[debug] [2025-07-13T07:20:43.192Z] Command:       /nix/store/rbdrkcs5kkwpalxcd7c6bnm33lk2955n-nodejs-20.19.0/bin/node /nix/store/fprgfkwna33crhc86jqbf5878piivvgw-firebase-tools-14.7.0/lib/node_modules/firebase-tools/lib/bin/firebase.js init
[debug] [2025-07-13T07:20:43.193Z] CLI Version:   14.7.0
[debug] [2025-07-13T07:20:43.193Z] Platform:      linux
[debug] [2025-07-13T07:20:43.193Z] Node Version:  v20.19.0
[debug] [2025-07-13T07:20:43.193Z] Time:          Sun Jul 13 2025 07:20:43 GMT+0000 (Coordinated Universal Time)
[debug] [2025-07-13T07:20:43.193Z] ----------------------------------------------------------------------
[debug] 
[debug] [2025-07-13T07:20:43.401Z] > command requires scopes: ["email","openid","https://www.googleapis.com/auth/cloudplatformprojects.readonly","https://www.googleapis.com/auth/firebase","https://www.googleapis.com/auth/cloud-platform"]
[debug] [2025-07-13T07:20:43.401Z] > authorizing via signed-in user (sjroyalevents@gmail.com)
[info] 
     ######## #### ########  ######## ########     ###     ######  ########
     ##        ##  ##     ## ##       ##     ##  ##   ##  ##       ##
     ######    ##  ########  ######   ########  #########  ######  ######
     ##        ##  ##    ##  ##       ##     ## ##     ##       ## ##
     ##       #### ##     ## ######## ########  ##     ##  ######  ########

You're about to initialize a Firebase project in this directory:

  /home/user/srj-events

Before we get started, keep in mind:

  * You are initializing within an existing Firebase project directory

[info] 
=== Project Setup
[info] 
[info] First, let's associate this project directory with a Firebase project.
[info] You can create multiple project aliases by running firebase use --add, 
[info] but for now we'll just set up a default project.
[info] 
[debug] [2025-07-13T07:20:50.722Z] Using project from CLI flag: sj-royal-events
[debug] [2025-07-13T07:20:50.723Z] Checked if tokens are valid: true, expires at: 1752393835242
[debug] [2025-07-13T07:20:50.724Z] Checked if tokens are valid: true, expires at: 1752393835242
[debug] [2025-07-13T07:20:50.725Z] >>> [apiv2][query] GET https://firebase.googleapis.com/v1beta1/projects/sj-royal-events [none]
[debug] [2025-07-13T07:20:50.964Z] <<< [apiv2][status] GET https://firebase.googleapis.com/v1beta1/projects/sj-royal-events 200
[debug] [2025-07-13T07:20:50.964Z] <<< [apiv2][body] GET https://firebase.googleapis.com/v1beta1/projects/sj-royal-events {"projectId":"sj-royal-events","projectNumber":"622831291790","displayName":"sj-royal-events","name":"projects/sj-royal-events","resources":{"hostingSite":"sj-royal-events"},"state":"ACTIVE","etag":"1_04519eb7-313d-4616-a4e2-0eb702b6eca1"}
[info] i  Using project sj-royal-events (sj-royal-events) 
[info] 
=== Hosting Setup
[debug] [2025-07-13T07:20:50.972Z] Checked if tokens are valid: true, expires at: 1752393835242
[debug] [2025-07-13T07:20:50.972Z] Checked if tokens are valid: true, expires at: 1752393835242
[debug] [2025-07-13T07:20:50.972Z] >>> [apiv2][query] GET https://firebase.googleapis.com/v1beta1/projects/sj-royal-events [none]
[debug] [2025-07-13T07:20:51.186Z] <<< [apiv2][status] GET https://firebase.googleapis.com/v1beta1/projects/sj-royal-events 200
[debug] [2025-07-13T07:20:51.187Z] <<< [apiv2][body] GET https://firebase.googleapis.com/v1beta1/projects/sj-royal-events {"projectId":"sj-royal-events","projectNumber":"622831291790","displayName":"sj-royal-events","name":"projects/sj-royal-events","resources":{"hostingSite":"sj-royal-events"},"state":"ACTIVE","etag":"1_04519eb7-313d-4616-a4e2-0eb702b6eca1"}
[info] 
[info] i  Detected a .git folder at /home/user/srj-events 
[info] i  Authorizing with GitHub to upload your service account to a GitHub repository's secrets store. 
[info] 
[info] Visit this URL on this device to log in:
[info] https://github.com/login/oauth/authorize?client_id=89cf50f02ac6aaed3484&state=680029688&redirect_uri=http%3A%2F%2Flocalhost%3A9005&scope=read%3Auser%20repo%20public_repo
[info] 
[info] Waiting for authentication...
[debug] [2025-07-13T07:46:22.465Z] ----------------------------------------------------------------------
[debug] [2025-07-13T07:46:22.467Z] Command:       /nix/store/rbdrkcs5kkwpalxcd7c6bnm33lk2955n-nodejs-20.19.0/bin/node /nix/store/fprgfkwna33crhc86jqbf5878piivvgw-firebase-tools-14.7.0/lib/node_modules/firebase-tools/lib/bin/firebase.js init
[debug] [2025-07-13T07:46:22.467Z] CLI Version:   14.7.0
[debug] [2025-07-13T07:46:22.467Z] Platform:      linux
[debug] [2025-07-13T07:46:22.468Z] Node Version:  v20.19.0
[debug] [2025-07-13T07:46:22.468Z] Time:          Sun Jul 13 2025 07:46:22 GMT+0000 (Coordinated Universal Time)
[debug] [2025-07-13T07:46:22.468Z] ----------------------------------------------------------------------
[debug] 
[debug] [2025-07-13T07:46:22.648Z] > command requires scopes: ["email","openid","https://www.googleapis.com/auth/cloudplatformprojects.readonly","https://www.googleapis.com/auth/firebase","https://www.googleapis.com/auth/cloud-platform"]
[debug] [2025-07-13T07:46:22.648Z] > authorizing via signed-in user (sjroyalevents@gmail.com)
[info] 
     ######## #### ########  ######## ########     ###     ######  ########
     ##        ##  ##     ## ##       ##     ##  ##   ##  ##       ##
     ######    ##  ########  ######   ########  #########  ######  ######
     ##        ##  ##    ##  ##       ##     ## ##     ##       ## ##
     ##       #### ##     ## ######## ########  ##     ##  ######  ########

You're about to initialize a Firebase project in this directory:

  /home/user/srj-events

Before we get started, keep in mind:

  * You are initializing within an existing Firebase project directory

[info] 
=== Project Setup
[info] 
[info] First, let's associate this project directory with a Firebase project.
[info] You can create multiple project aliases by running firebase use --add, 
[info] but for now we'll just set up a default project.
[info] 
[debug] [2025-07-13T07:46:34.802Z] Using project from CLI flag: sj-royal-events
[debug] [2025-07-13T07:46:34.803Z] Checked if tokens are valid: true, expires at: 1752393835242
[debug] [2025-07-13T07:46:34.803Z] Checked if tokens are valid: true, expires at: 1752393835242
[debug] [2025-07-13T07:46:34.805Z] >>> [apiv2][query] GET https://firebase.googleapis.com/v1beta1/projects/sj-royal-events [none]
[debug] [2025-07-13T07:46:35.069Z] <<< [apiv2][status] GET https://firebase.googleapis.com/v1beta1/projects/sj-royal-events 200
[debug] [2025-07-13T07:46:35.070Z] <<< [apiv2][body] GET https://firebase.googleapis.com/v1beta1/projects/sj-royal-events {"projectId":"sj-royal-events","projectNumber":"622831291790","displayName":"sj-royal-events","name":"projects/sj-royal-events","resources":{"hostingSite":"sj-royal-events"},"state":"ACTIVE","etag":"1_04519eb7-313d-4616-a4e2-0eb702b6eca1"}
[info] i  Using project sj-royal-events (sj-royal-events) 
[info] 
=== Hosting Setup
[debug] [2025-07-13T07:46:35.077Z] Checked if tokens are valid: true, expires at: 1752393835242
[debug] [2025-07-13T07:46:35.077Z] Checked if tokens are valid: true, expires at: 1752393835242
[debug] [2025-07-13T07:46:35.077Z] >>> [apiv2][query] GET https://firebase.googleapis.com/v1beta1/projects/sj-royal-events [none]
[debug] [2025-07-13T07:46:35.299Z] <<< [apiv2][status] GET https://firebase.googleapis.com/v1beta1/projects/sj-royal-events 200
[debug] [2025-07-13T07:46:35.299Z] <<< [apiv2][body] GET https://firebase.googleapis.com/v1beta1/projects/sj-royal-events {"projectId":"sj-royal-events","projectNumber":"622831291790","displayName":"sj-royal-events","name":"projects/sj-royal-events","resources":{"hostingSite":"sj-royal-events"},"state":"ACTIVE","etag":"1_04519eb7-313d-4616-a4e2-0eb702b6eca1"}
[info] 
[info] i  Detected a .git folder at /home/user/srj-events 
[info] i  Authorizing with GitHub to upload your service account to a GitHub repository's secrets store. 
[info] 
[info] Visit this URL on this device to log in:
[info] https://github.com/login/oauth/authorize?client_id=89cf50f02ac6aaed3484&state=1004658233&redirect_uri=http%3A%2F%2Flocalhost%3A9005&scope=read%3Auser%20repo%20public_repo
[info] 
[info] Waiting for authentication...
